0 info it worked if it ends with ok
1 verbose cli [ '/usr/local/bin/node', '/usr/local/bin/npm', 'run', 'we' ]
2 info using npm@3.9.3
3 info using node@v4.4.5
4 verbose run-script [ 'prewe', 'we', 'postwe' ]
5 info lifecycle kouri@1.0.0~prewe: kouri@1.0.0
6 silly lifecycle kouri@1.0.0~prewe: no script for prewe, continuing
7 info lifecycle kouri@1.0.0~we: kouri@1.0.0
8 verbose lifecycle kouri@1.0.0~we: unsafe-perm in lifecycle true
9 verbose lifecycle kouri@1.0.0~we: PATH: /usr/local/lib/node_modules/npm/bin/node-gyp-bin:/Users/leilacompaore/Desktop/webdev/Kouri/node_modules/.bin:/usr/local/bin:/usr/local/bin:/usr/bin:/bin:/usr/sbin:/sbin
10 verbose lifecycle kouri@1.0.0~we: CWD: /Users/leilacompaore/Desktop/webdev/Kouri
11 silly lifecycle kouri@1.0.0~we: Args: [ '-c', 'gulp build' ]
12 silly lifecycle kouri@1.0.0~we: Returned: code: 1  signal: null
13 info lifecycle kouri@1.0.0~we: Failed to exec we script
14 verbose stack Error: kouri@1.0.0 we: `gulp build`
14 verbose stack Exit status 1
14 verbose stack     at EventEmitter.<anonymous> (/usr/local/lib/node_modules/npm/lib/utils/lifecycle.js:245:16)
14 verbose stack     at emitTwo (events.js:87:13)
14 verbose stack     at EventEmitter.emit (events.js:172:7)
14 verbose stack     at ChildProcess.<anonymous> (/usr/local/lib/node_modules/npm/lib/utils/spawn.js:24:14)
14 verbose stack     at emitTwo (events.js:87:13)
14 verbose stack     at ChildProcess.emit (events.js:172:7)
14 verbose stack     at maybeClose (internal/child_process.js:827:16)
14 verbose stack     at Process.ChildProcess._handle.onexit (internal/child_process.js:211:5)
15 verbose pkgid kouri@1.0.0
16 verbose cwd /Users/leilacompaore/Desktop/webdev/Kouri/semantic
17 error Darwin 14.5.0
18 error argv "/usr/local/bin/node" "/usr/local/bin/npm" "run" "we"
19 error node v4.4.5
20 error npm  v3.9.3
21 error code ELIFECYCLE
22 error kouri@1.0.0 we: `gulp build`
22 error Exit status 1
23 error Failed at the kouri@1.0.0 we script 'gulp build'.
23 error Make sure you have the latest version of node.js and npm installed.
23 error If you do, this is most likely a problem with the kouri package,
23 error not with npm itself.
23 error Tell the author that this fails on your system:
23 error     gulp build
23 error You can get information on how to open an issue for this project with:
23 error     npm bugs kouri
23 error Or if that isn't available, you can get their info via:
23 error     npm owner ls kouri
23 error There is likely additional logging output above.
24 verbose exit [ 1, true ]
